[09:13:06] [INIT] KubeJS 2001.6.5-build.16; MC 2001 forge
[09:13:06] [INIT] Loaded plugins:
[09:13:06] [INIT] - dev.latvian.mods.kubejs.forge.BuiltinKubeJSForgePlugin
[09:13:06] [INIT] - dev.latvian.mods.kubejs.forge.BuiltinKubeJSForgeClientPlugin
[09:13:06] [INIT] - dev.latvian.mods.kubejs.integration.forge.gamestages.GameStagesIntegration
[09:13:06] [INIT] - com.jesz.createdieselgenerators.compat.kubejs.CDGKubeJSPlugin
[09:13:06] [INIT] - dev.ftb.mods.ftbxmodcompat.ftbquests.kubejs.KubeJSIntegration
[09:13:06] [INIT] - dev.ftb.mods.ftbxmodcompat.ftbchunks.kubejs.FTBChunksKubeJSPlugin
[09:13:06] [INIT] - dev.ftb.mods.ftbxmodcompat.ftbteams.kubejs.FTBTeamsKubeJSPlugin
[09:13:06] [INIT] - dev.ftb.mods.ftbxmodcompat.ftbfiltersystem.kubejs.FFSKubeJSPlugin
[09:13:06] [INIT] - com.tom.createores.kubejs.KubeJSExcavation
[09:13:06] [INIT] - com.prunoideae.powerfuljs.forge.PowerfulJSPluginForge
[09:13:06] [INIT] - com.oierbravo.createmechanicalextruder.compat.kubejs.KubeJSCreateMechanicalExtruderPlugin
[09:13:06] [INIT] - com.almostreliable.lootjs.kube.LootJSPlugin
[09:13:06] [INIT] - com.probejs.ProbeJSPlugin
[09:13:06] [INIT] - com.almostreliable.ponderjs.KubePlugin
[09:13:06] [INIT] - dev.xkmc.l2hostility.compat.kubejs.LHKJSPlugin
[09:13:08] [INFO] example.js#5: Hello, World! (Loaded startup scripts)
[09:13:08] [INFO] Loaded script startup_scripts:example.js in 0.103 s
[09:13:08] [INFO] Loaded 1/1 KubeJS startup scripts in 1.691 s with 0 errors and 0 warnings
