[07:09:04] [main/INFO]: ModLauncher running: args [--username, KuroiAme3546, --version, forge-47.4.0, --gameDir, C:\Users\gian2\curseforge\Instances\All the Primus, --assetsDir, C:\Users\gian2\curseforge\Install\assets, --assetIndex, 5, --uuid, 2a31c9a9b5c64e43abe7ae034584d661, --accessToken, ????????, --clientId, NDFiN2E4YTEtMThiZi00MDkwLThkNTUtMWIyM2M2MzcyMDM4, --xuid, 2535466827138939, --userType, msa, --versionType, release, --width, 1920, --height, 1080, --quickPlayPath, C:\Users\gian2\curseforge\Install\quickPlay\java\1746871734228.json, --launchTarget, forgeclient, --fml.forgeVersion, 47.4.0, --fml.mcVersion, 1.20.1, --fml.forgeGroup, net.minecraftforge, --fml.mcpVersion, 20230612.114412]
[07:09:04] [main/INFO]: ModLauncher 10.0.9+10.0.9+main.dcd20f30 starting: java version 17.0.8 by Microsoft; OS Windows 11 arch amd64 version 10.0
[07:09:27] [main/INFO]: Loading ImmediateWindowProvider fmlearlywindow
[07:09:27] [main/INFO]: Trying GL version 4.6
[07:09:28] [main/INFO]: Requested GL version 4.6 got version 4.6
[07:09:28] [main/INFO]: SpongePowered MIXIN Subsystem Version=0.8.5 Source=union:/C:/Users/gian2/curseforge/Install/libraries/org/spongepowered/mixin/0.8.5/mixin-0.8.5.jar%23100!/ Service=ModLauncher Env=CLIENT
[07:09:29] [pool-2-thread-1/INFO]: GL info: Intel(R) UHD Graphics GL version 4.6.0 - Build 30.0.101.2079, Intel
[07:09:33] [main/INFO]: Found mod file [1.20.1-forge]-Epic-Knights-9.23.jar of type MOD with provider {mods folder locator at C:\Users\gian2\curseforge\Instances\All the Primus\mods}
[07:09:33] [main/INFO]: Found mod file [1.20.x-forge]-Epic-Knights-Addon-1.22.jar of type MOD with provider {mods folder locator at C:\Users\gian2\curseforge\Instances\All the Primus\mods}
[07:09:33] [main/INFO]: Found mod file AdditionalEnchantedMiner-1.20.1-1201.1.121.jar of type MOD with provider {mods folder locator at C:\Users\gian2\curseforge\Instances\All the Primus\mods}
[07:09:33] [main/INFO]: Found mod file ae2ct-1.20.1-1.0.5.jar of type MOD with provider {mods folder locator at C:\Users\gian2\curseforge\Instances\All the Primus\mods}
[07:09:33] [main/INFO]: Found mod file AE2NetworkAnalyzer-1.20-1.0.6-forge.jar of type MOD with provider {mods folder locator at C:\Users\gian2\curseforge\Instances\All the Primus\mods}
[07:09:33] [main/INFO]: Found mod file ae2wtlib-15.2.3-forge.jar of type MOD with provider {mods folder locator at C:\Users\gian2\curseforge\Instances\All the Primus\mods}
[07:09:33] [main/INFO]: Found mod file aether-1.20.1-1.5.2-neoforge.jar of type MOD with provider {mods folder locator at C:\Users\gian2\curseforge\Instances\All the Primus\mods}
[07:09:33] [main/INFO]: Found mod file aether_delight_1.0.0_forge_1.20.1.jar of type MOD with provider {mods folder locator at C:\Users\gian2\curseforge\Instances\All the Primus\mods}
[07:09:33] [main/INFO]: Found mod file AI-Improvements-1.20-0.5.2.jar of type MOD with provider {mods folder locator at C:\Users\gian2\curseforge\Instances\All the Primus\mods}
[07:09:33] [main/INFO]: Found mod file alchemistry-1.20.1-2.3.4.jar of type MOD with provider {mods folder locator at C:\Users\gian2\curseforge\Instances\All the Primus\mods}
[07:09:33] [main/INFO]: Found mod file alchemylib-1.20.1-1.0.30.jar of type MOD with provider {mods folder locator at C:\Users\gian2\curseforge\Instances\All the Primus\mods}
[07:09:33] [main/INFO]: Found mod file alexscaves-2.0.2.jar of type MOD with provider {mods folder locator at C:\Users\gian2\curseforge\Instances\All the Primus\mods}
[07:09:33] [main/INFO]: Found mod file alexscavesdelight-1.0.26-1.20.1.jar of type MOD with provider {mods folder locator at C:\Users\gian2\curseforge\Instances\All the Primus\mods}
[07:09:33] [main/INFO]: Found mod file alexsdelight-1.5.jar of type MOD with provider {mods folder locator at C:\Users\gian2\curseforge\Instances\All the Primus\mods}
[07:09:33] [main/INFO]: Found mod file alexsmobs-1.22.9.jar of type MOD with provider {mods folder locator at C:\Users\gian2\curseforge\Instances\All the Primus\mods}
[07:09:33] [main/INFO]: Found mod file alltheleaks-0.1.4-beta+1.20.1-forge.jar of type MOD with provider {mods folder locator at C:\Users\gian2\curseforge\Instances\All the Primus\mods}
[07:09:33] [main/INFO]: Found mod file almostunified-forge-1.20.1-0.9.5.jar of type MOD with provider {mods folder locator at C:\Users\gian2\curseforge\Instances\All the Primus\mods}
[07:09:33] [main/INFO]: Found mod file AmbientSounds_FORGE_v6.1.9_mc1.20.1.jar of type MOD with provider {mods folder locator at C:\Users\gian2\curseforge\Instances\All the Primus\mods}
[07:09:33] [main/INFO]: Found mod file amendments-1.20-1.2.19.jar of type MOD with provider {mods folder locator at C:\Users\gian2\curseforge\Instances\All the Primus\mods}
[07:09:33] [main/INFO]: Found mod file Apotheosis-1.20.1-7.4.8.jar of type MOD with provider {mods folder locator at C:\Users\gian2\curseforge\Instances\All the Primus\mods}
[07:09:33] [main/INFO]: Found mod file ApotheoticAdditionsV2.2.2.jar of type MOD with provider {mods folder locator at C:\Users\gian2\curseforge\Instances\All the Primus\mods}
[07:09:33] [main/INFO]: Found mod file ApothicAttributes-1.20.1-1.3.7.jar of type MOD with provider {mods folder locator at C:\Users\gian2\curseforge\Instances\All the Primus\mods}
[07:09:33] [main/INFO]: Found mod file ApothicCombat-1.20.1-1.1.0.jar of type MOD with provider {mods folder locator at C:\Users\gian2\curseforge\Instances\All the Primus\mods}
[07:09:33] [main/INFO]: Found mod file ApothicCurios-1.20.1-1.0.3d.jar of type MOD with provider {mods folder locator at C:\Users\gian2\curseforge\Instances\All the Primus\mods}
[07:09:33] [main/INFO]: Found mod file appleskin-forge-mc1.20.1-2.5.1.jar of type MOD with provider {mods folder locator at C:\Users\gian2\curseforge\Instances\All the Primus\mods}
[07:09:33] [main/INFO]: Found mod file Applied-Botanics-forge-1.5.0.jar of type MOD with provider {mods folder locator at C:\Users\gian2\curseforge\Instances\All the Primus\mods}
[07:09:33] [main/INFO]: Found mod file Applied-Mekanistics-1.4.2.jar of type MOD with provider {mods folder locator at C:\Users\gian2\curseforge\Instances\All the Primus\mods}
[07:09:33] [main/INFO]: Found mod file appliedenergistics2-forge-15.3.4.jar of type MOD with provider {mods folder locator at C:\Users\gian2\curseforge\Instances\All the Primus\mods}
[07:09:33] [main/INFO]: Found mod file Aquaculture-1.20.1-2.5.5.jar of type MOD with provider {mods folder locator at C:\Users\gian2\curseforge\Instances\All the Primus\mods}
[07:09:33] [main/INFO]: Found mod file aquaculturedelight-1.1.1-forge-1.20.1.jar of type MOD with provider {mods folder locator at C:\Users\gian2\curseforge\Instances\All the Primus\mods}
[07:09:33] [main/INFO]: Found mod file architectury-9.2.14-forge.jar of type MOD with provider {mods folder locator at C:\Users\gian2\curseforge\Instances\All the Primus\mods}
[07:09:33] [main/INFO]: Found mod file ars_additions-1.20.1-1.6.7.jar of type MOD with provider {mods folder locator at C:\Users\gian2\curseforge\Instances\All the Primus\mods}
[07:09:33] [main/INFO]: Found mod file ars_botania-1.0.0.jar of type MOD with provider {mods folder locator at C:\Users\gian2\curseforge\Instances\All the Primus\mods}
[07:09:33] [main/INFO]: Found mod file ars_creo-1.20.1-4.3.0.jar of type MOD with provider {mods folder locator at C:\Users\gian2\curseforge\Instances\All the Primus\mods}
[07:09:33] [main/INFO]: Found mod file ars_elemental-1.20.1-0.6.7.8.jar of type MOD with provider {mods folder locator at C:\Users\gian2\curseforge\Instances\All the Primus\mods}
[07:09:33] [main/INFO]: Found mod file ars_nouveau-1.20.1-4.12.6-all.jar of type MOD with provider {mods folder locator at C:\Users\gian2\curseforge\Instances\All the Primus\mods}
[07:09:33] [main/INFO]: Found mod file ars_ocultas-1.20.1-1.2.2-all.jar of type MOD with provider {mods folder locator at C:\Users\gian2\curseforge\Instances\All the Primus\mods}
[07:09:33] [main/INFO]: Found mod file arsdelight-1.1.5.jar of type MOD with provider {mods folder locator at C:\Users\gian2\curseforge\Instances\All the Primus\mods}
[07:09:33] [main/INFO]: Found mod file arseng-1.2.0.jar of type MOD with provider {mods folder locator at C:\Users\gian2\curseforge\Instances\All the Primus\mods}
[07:09:33] [main/INFO]: Found mod file AttributeFix-Forge-1.20.1-21.0.4.jar of type MOD with provider {mods folder locator at C:\Users\gian2\curseforge\Instances\All the Primus\mods}
[07:09:33] [main/INFO]: Found mod file attributizer-2.1.jar of type MOD with provider {mods folder locator at C:\Users\gian2\curseforge\Instances\All the Primus\mods}
[07:09:33] [main/INFO]: Found mod file automobility-0.4.2+1.20.1-forge.jar of type MOD with provider {mods folder locator at C:\Users\gian2\curseforge\Instances\All the Primus\mods}
[07:09:33] [main/INFO]: Found mod file AvaritiaNeo-1.20.1-1.0.1.jar of type MOD with provider {mods folder locator at C:\Users\gian2\curseforge\Instances\All the Primus\mods}
[07:09:33] [main/INFO]: Found mod file azurelib-neo-1.20.1-2.0.41.jar of type MOD with provider {mods folder locator at C:\Users\gian2\curseforge\Instances\All the Primus\mods}
[07:09:33] [main/INFO]: Found mod file balm-forge-1.20.1-7.3.27-all.jar of type MOD with provider {mods folder locator at C:\Users\gian2\curseforge\Instances\All the Primus\mods}
[07:09:33] [main/INFO]: Found mod file BetterAdvancements-Forge-1.20.1-0.4.2.25.jar of type MOD with provider {mods folder locator at C:\Users\gian2\curseforge\Instances\All the Primus\mods}
[07:09:33] [main/INFO]: Found mod file bettercombat-forge-1.8.6+1.20.1.jar of type MOD with provider {mods folder locator at C:\Users\gian2\curseforge\Instances\All the Primus\mods}
[07:09:33] [main/INFO]: Found mod file biomancy-forge-1.20.1-2.8.19.0.jar of type MOD with provider {mods folder locator at C:\Users\gian2\curseforge\Instances\All the Primus\mods}
[07:09:33] [main/INFO]: Found mod file bloodmagic-1.20.1-3.3.3-45.jar of type MOD with provider {mods folder locator at C:\Users\gian2\curseforge\Instances\All the Primus\mods}
[07:09:33] [main/INFO]: Found mod file Bookshelf-Forge-1.20.1-20.2.13.jar of type MOD with provider {mods folder locator at C:\Users\gian2\curseforge\Instances\All the Primus\mods}
[07:09:33] [main/INFO]: Found mod file born_in_chaos_[Forge]1.20.1_1.7.jar of type MOD with provider {mods folder locator at C:\Users\gian2\curseforge\Instances\All the Primus\mods}
[07:09:33] [main/INFO]: Found mod file Botania-1.20.1-448-FORGE.jar of type MOD with provider {mods folder locator at C:\Users\gian2\curseforge\Instances\All the Primus\mods}
[07:09:33] [main/INFO]: Found mod file BotanyPots-Forge-1.20.1-13.0.41.jar of type MOD with provider {mods folder locator at C:\Users\gian2\curseforge\Instances\All the Primus\mods}
[07:09:33] [main/INFO]: Found mod file botarium-forge-1.20.1-2.3.4.jar of type MOD with provider {mods folder locator at C:\Users\gian2\curseforge\Instances\All the Primus\mods}
[07:09:33] [main/INFO]: Found mod file braziliandelight-2.0.1-forge-1.20.1.jar of type MOD with provider {mods folder locator at C:\Users\gian2\curseforge\Instances\All the Primus\mods}
[07:09:33] [main/INFO]: Found mod file buildinggadgets2-1.0.7.jar of type MOD with provider {mods folder locator at C:\Users\gian2\curseforge\Instances\All the Primus\mods}
[07:09:33] [main/INFO]: Found mod file cable_facades-1.20.1-Forge-1.3.1.jar of type MOD with provider {mods folder locator at C:\Users\gian2\curseforge\Instances\All the Primus\mods}
[07:09:33] [main/INFO]: Found mod file caelus-forge-3.2.0+1.20.1.jar of type MOD with provider {mods folder locator at C:\Users\gian2\curseforge\Instances\All the Primus\mods}
[07:09:33] [main/INFO]: Found mod file carryon-forge-1.20.1-2.1.2.7.jar of type MOD with provider {mods folder locator at C:\Users\gian2\curseforge\Instances\All the Primus\mods}
[07:09:33] [main/INFO]: Found mod file cataclysm_ut_lite-7 - 1.20.1.jar of type MOD with provider {mods folder locator at C:\Users\gian2\curseforge\Instances\All the Primus\mods}
[07:09:33] [main/INFO]: Found mod file cataclysmiccombat-1.4.jar of type MOD with provider {mods folder locator at C:\Users\gian2\curseforge\Instances\All the Primus\mods}
[07:09:33] [main/INFO]: Found mod file celestial_artifacts-1.5.3.jar of type MOD with provider {mods folder locator at C:\Users\gian2\curseforge\Instances\All the Primus\mods}
[07:09:33] [main/INFO]: Found mod file celestial_core-1.5.4.jar of type MOD with provider {mods folder locator at C:\Users\gian2\curseforge\Instances\All the Primus\mods}
[07:09:33] [main/INFO]: Found mod file celestial_enchantments-1.3.4.jar of type MOD with provider {mods folder locator at C:\Users\gian2\curseforge\Instances\All the Primus\mods}
[07:09:33] [main/INFO]: Found mod file celestisynth-1.20.1-1.3.1.jar of type MOD with provider {mods folder locator at C:\Users\gian2\curseforge\Instances\All the Primus\mods}
[07:09:33] [main/INFO]: Found mod file chemlib-1.20.1-2.0.19.jar of type MOD with provider {mods folder locator at C:\Users\gian2\curseforge\Instances\All the Primus\mods}
[07:09:33] [main/INFO]: Found mod file chloride-FORGE-mc1.20.1-v1.7.1.jar of type MOD with provider {mods folder locator at C:\Users\gian2\curseforge\Instances\All the Primus\mods}
[07:09:33] [main/INFO]: Found mod file Chunky-1.3.146.jar of type MOD with provider {mods folder locator at C:\Users\gian2\curseforge\Instances\All the Primus\mods}
[07:09:33] [main/INFO]: Found mod file citadel-2.6.1-1.20.1.jar of type MOD with provider {mods folder locator at C:\Users\gian2\curseforge\Instances\All the Primus\mods}
[07:09:33] [main/INFO]: Found mod file cloth-config-11.1.136-forge.jar of type MOD with provider {mods folder locator at C:\Users\gian2\curseforge\Instances\All the Primus\mods}
[07:09:33] [main/INFO]: Found mod file Clumps-forge-1.20.1-12.0.0.4.jar of type MOD with provider {mods folder locator at C:\Users\gian2\curseforge\Instances\All the Primus\mods}
[07:09:33] [main/INFO]: Found mod file cobweb-forge-1.20.1-1.0.1.jar of type MOD with provider {mods folder locator at C:\Users\gian2\curseforge\Instances\All the Primus\mods}
[07:09:33] [main/INFO]: Found mod file CodeChickenLib-1.20.1-4.4.0.516-universal.jar of type MOD with provider {mods folder locator at C:\Users\gian2\curseforge\Instances\All the Primus\mods}
[07:09:33] [main/INFO]: Found mod file cofh_core-1.20.1-11.0.2.56.jar of type MOD with provider {mods folder locator at C:\Users\gian2\curseforge\Instances\All the Primus\mods}
[07:09:33] [main/INFO]: Found mod file combatroll-forge-1.3.3+1.20.1.jar of type MOD with provider {mods folder locator at C:\Users\gian2\curseforge\Instances\All the Primus\mods}
[07:09:33] [main/INFO]: Found mod file comforts-forge-6.4.0+1.20.1.jar of type MOD with provider {mods folder locator at C:\Users\gian2\curseforge\Instances\All the Primus\mods}
[07:09:33] [main/INFO]: Found mod file common-networking-forge-1.0.5-1.20.1.jar of type MOD with provider {mods folder locator at C:\Users\gian2\curseforge\Instances\All the Primus\mods}
[07:09:33] [main/INFO]: Found mod file configured-forge-1.20.1-2.2.3.jar of type MOD with provider {mods folder locator at C:\Users\gian2\curseforge\Instances\All the Primus\mods}
[07:09:33] [main/INFO]: Found mod file consecration-forge-7.0.2+1.20.1.jar of type MOD with provider {mods folder locator at C:\Users\gian2\curseforge\Instances\All the Primus\mods}
[07:09:33] [main/INFO]: Found mod file Controlling-forge-1.20.1-12.0.2.jar of type MOD with provider {mods folder locator at C:\Users\gian2\curseforge\Instances\All the Primus\mods}
[07:09:33] [main/INFO]: Found mod file copycats-3.0.0+mc.1.20.1-forge.jar of type MOD with provider {mods folder locator at C:\Users\gian2\curseforge\Instances\All the Primus\mods}
[07:09:33] [main/INFO]: Found mod file coroutil-forge-1.20.1-1.3.7.jar of type MOD with provider {mods folder locator at C:\Users\gian2\curseforge\Instances\All the Primus\mods}
[07:09:33] [main/INFO]: Found mod file corpse-forge-1.20.1-1.0.20.jar of type MOD with provider {mods folder locator at C:\Users\gian2\curseforge\Instances\All the Primus\mods}
[07:09:33] [main/INFO]: Found mod file corpsecurioscompat-1.18.x-1.20.x-Forge-2.2.2.jar of type MOD with provider {mods folder locator at C:\Users\gian2\curseforge\Instances\All the Primus\mods}
[07:09:33] [main/INFO]: Found mod file cosmeticarmorreworked-1.20.1-v1a.jar of type MOD with provider {mods folder locator at C:\Users\gian2\curseforge\Instances\All the Primus\mods}
[07:09:33] [main/INFO]: Found mod file create-1.20.1-6.0.4.jar of type MOD with provider {mods folder locator at C:\Users\gian2\curseforge\Instances\All the Primus\mods}
[07:09:33] [main/INFO]: Found mod file create-new-age-forge-1.20.1-1.1.4.jar of type MOD with provider {mods folder locator at C:\Users\gian2\curseforge\Instances\All the Primus\mods}
[07:09:33] [main/INFO]: Found mod file create-stuff-additions1.20.1_v2.1.0.jar of type MOD with provider {mods folder locator at C:\Users\gian2\curseforge\Instances\All the Primus\mods}
[07:09:33] [main/INFO]: Found mod file create_recycle_1.0.2_forge_1.20.1.jar of type MOD with provider {mods folder locator at C:\Users\gian2\curseforge\Instances\All the Primus\mods}
[07:09:33] [main/INFO]: Found mod file create_ultimate_factory-1.9.0-forge-1.20.1.jar of type MOD with provider {mods folder locator at C:\Users\gian2\curseforge\Instances\All the Primus\mods}
[07:09:33] [main/INFO]: Found mod file createaddition-1.20.1-1.3.1.jar of type MOD with provider {mods folder locator at C:\Users\gian2\curseforge\Instances\All the Primus\mods}
[07:09:33] [main/INFO]: Found mod file createdieselgenerators-1.20.1-1.3.1.jar of type MOD with provider {mods folder locator at C:\Users\gian2\curseforge\Instances\All the Primus\mods}
[07:09:33] [main/INFO]: Found mod file createoreexcavation-1.20-1.6.3.jar of type MOD with provider {mods folder locator at C:\Users\gian2\curseforge\Instances\All the Primus\mods}
[07:09:33] [main/INFO]: Found mod file CreativeCore_FORGE_v2.12.32_mc1.20.1.jar of type MOD with provider {mods folder locator at C:\Users\gian2\curseforge\Instances\All the Primus\mods}
[07:09:33] [main/INFO]: Found mod file CullLessLeaves-Reforged-1.20.1-1.0.5.jar of type MOD with provider {mods folder locator at C:\Users\gian2\curseforge\Instances\All the Primus\mods}
[07:09:33] [main/INFO]: Found mod file cupboard-1.20.1-2.7.jar of type MOD with provider {mods folder locator at C:\Users\gian2\curseforge\Instances\All the Primus\mods}
[07:09:33] [main/INFO]: Found mod file curios-forge-5.14.1+1.20.1.jar of type MOD with provider {mods folder locator at C:\Users\gian2\curseforge\Instances\All the Primus\mods}
[07:09:33] [main/INFO]: Found mod file curseofpandora-2.4.26.jar of type MOD with provider {mods folder locator at C:\Users\gian2\curseforge\Instances\All the Primus\mods}
[07:09:33] [main/INFO]: Found mod file customvillagertrades-forge-20.25.0.jar of type MOD with provider {mods folder locator at C:\Users\gian2\curseforge\Instances\All the Primus\mods}
[07:09:33] [main/INFO]: Found mod file CyclopsCore-1.20.1-1.20.0.jar of type MOD with provider {mods folder locator at C:\Users\gian2\curseforge\Instances\All the Primus\mods}
[07:09:33] [main/INFO]: Found mod file deeperdarker-forge-1.20.1-1.3.3.jar of type MOD with provider {mods folder locator at C:\Users\gian2\curseforge\Instances\All the Primus\mods}
[07:09:33] [main/INFO]: Found mod file defaultoptions-forge-1.20-18.0.1.jar of type MOD with provider {mods folder locator at C:\Users\gian2\curseforge\Instances\All the Primus\mods}
[07:09:33] [main/INFO]: Found mod file Delightful-1.20.1-3.7.1.jar of type MOD with provider {mods folder locator at C:\Users\gian2\curseforge\Instances\All the Primus\mods}
[07:09:33] [main/INFO]: Found mod file deltaboxlib-2.1.1-forge-1.20.1.jar of type MOD with provider {mods folder locator at C:\Users\gian2\curseforge\Instances\All the Primus\mods}
[07:09:33] [main/INFO]: Found mod file DiagonalFences-v8.1.5-1.20.1-Forge.jar of type MOD with provider {mods folder locator at C:\Users\gian2\curseforge\Instances\All the Primus\mods}
[07:09:33] [main/INFO]: Found mod file dragonseeker-1.2.0-1.20.1.jar of type MOD with provider {mods folder locator at C:\Users\gian2\curseforge\Instances\All the Primus\mods}
[07:09:33] [main/INFO]: Found mod file drippyloadingscreen_forge_3.0.12_MC_1.20.1.jar of type MOD with provider {mods folder locator at C:\Users\gian2\curseforge\Instances\All the Primus\mods}
[07:09:33] [main/INFO]: Found mod file dummmmmmy-1.20-2.0.6.jar of type MOD with provider {mods folder locator at C:\Users\gian2\curseforge\Instances\All the Primus\mods}
[07:09:33] [main/INFO]: Found mod file Dungeon Crawl-1.20.1-2.3.15.jar of type MOD with provider {mods folder locator at C:\Users\gian2\curseforge\Instances\All the Primus\mods}
[07:09:33] [main/INFO]: Found mod file dynamic-fps-3.9.4+minecraft-1.20.0-forge.jar of type MOD with provider {mods folder locator at C:\Users\gian2\curseforge\Instances\All the Primus\mods}
[07:09:33] [main/INFO]: Found mod file EasyAnvils-v8.0.2-1.20.1-Forge.jar of type MOD with provider {mods folder locator at C:\Users\gian2\curseforge\Instances\All the Primus\mods}
[07:09:33] [main/INFO]: Found mod file embeddium-0.3.31+mc1.20.1.jar of type MOD with provider {mods folder locator at C:\Users\gian2\curseforge\Instances\All the Primus\mods}
[07:09:33] [main/INFO]: Found mod file EnchantmentDescriptions-Forge-1.20.1-17.1.19.jar of type MOD with provider {mods folder locator at C:\Users\gian2\curseforge\Instances\All the Primus\mods}
[07:09:33] [main/INFO]: Found mod file endersdelight-forge-1.20.1-1.1.3.jar of type MOD with provider {mods folder locator at C:\Users\gian2\curseforge\Instances\All the Primus\mods}
[07:09:33] [main/INFO]: Found mod file energymeter-forge-1.20.1-1.0.0.jar of type MOD with provider {mods folder locator at C:\Users\gian2\curseforge\Instances\All the Primus\mods}
[07:09:33] [main/INFO]: Found mod file EnigmaticLegacy-2.30.1.jar of type MOD with provider {mods folder locator at C:\Users\gian2\curseforge\Instances\All the Primus\mods}
[07:09:33] [main/INFO]: Found mod file entity_model_features_forge_1.20.1-2.4.1.jar of type MOD with provider {mods folder locator at C:\Users\gian2\curseforge\Instances\All the Primus\mods}
[07:09:33] [main/INFO]: Found mod file entity_texture_features_forge_1.20.1-6.2.9.jar of type MOD with provider {mods folder locator at C:\Users\gian2\curseforge\Instances\All the Primus\mods}
[07:09:33] [main/INFO]: Found mod file entityculling-forge-1.7.4-mc1.20.1.jar of type MOD with provider {mods folder locator at C:\Users\gian2\curseforge\Instances\All the Primus\mods}
[07:09:33] [main/INFO]: Found mod file EvilCraft-1.20.1-1.2.53.jar of type MOD with provider {mods folder locator at C:\Users\gian2\curseforge\Instances\All the Primus\mods}
[07:09:33] [main/INFO]: Found mod file explosiveenhancement-1.1.0-1.20.1-client-and-server.jar of type MOD with provider {mods folder locator at C:\Users\gian2\curseforge\Instances\All the Primus\mods}
[07:09:33] [main/INFO]: Found mod file fallingleaves-1.20.1-2.1.2.jar of type MOD with provider {mods folder locator at C:\Users\gian2\curseforge\Instances\All the Primus\mods}
[07:09:33] [main/INFO]: Found mod file fancymenu_forge_3.5.0_MC_1.20.1.jar of type MOD with provider {mods folder locator at C:\Users\gian2\curseforge\Instances\All the Primus\mods}
[07:09:33] [main/INFO]: Found mod file fantasyfurniture-1.20.1-9.0.0.jar of type MOD with provider {mods folder locator at C:\Users\gian2\curseforge\Instances\All the Primus\mods}
[07:09:33] [main/INFO]: Found mod file FarmersDelight-1.20.1-1.2.7.jar of type MOD with provider {mods folder locator at C:\Users\gian2\curseforge\Instances\All the Primus\mods}
[07:09:33] [main/INFO]: Found mod file FastFurnace-1.20.1-8.0.2.jar of type MOD with provider {mods folder locator at C:\Users\gian2\curseforge\Instances\All the Primus\mods}
[07:09:33] [main/INFO]: Found mod file FastLeafDecay-32.jar of type MOD with provider {mods folder locator at C:\Users\gian2\curseforge\Instances\All the Primus\mods}
[07:09:33] [main/INFO]: Found mod file Fastload-Reforged-mc1.20.1-3.4.0.jar of type MOD with provider {mods folder locator at C:\Users\gian2\curseforge\Instances\All the Primus\mods}
[07:09:33] [main/INFO]: Found mod file FastSuite-1.20.1-5.1.0.jar of type MOD with provider {mods folder locator at C:\Users\gian2\curseforge\Instances\All the Primus\mods}
[07:09:33] [main/INFO]: Found mod file FastWorkbench-1.20.1-8.0.4.jar of type MOD with provider {mods folder locator at C:\Users\gian2\curseforge\Instances\All the Primus\mods}
[07:09:33] [main/INFO]: Found mod file ferritecore-6.0.1-forge.jar of type MOD with provider {mods folder locator at C:\Users\gian2\curseforge\Instances\All the Primus\mods}
[07:09:33] [main/INFO]: Found mod file FluxNetworks-1.20.1-7.2.1.15.jar of type MOD with provider {mods folder locator at C:\Users\gian2\curseforge\Instances\All the Primus\mods}
[07:09:33] [main/INFO]: Found mod file forbidden_arcanus-1.20.1-2.2.6.jar of type MOD with provider {mods folder locator at C:\Users\gian2\curseforge\Instances\All the Primus\mods}
[07:09:33] [main/INFO]: Found mod file framework-forge-1.20.1-0.7.12.jar of type MOD with provider {mods folder locator at C:\Users\gian2\curseforge\Instances\All the Primus\mods}
[07:09:33] [main/INFO]: Found mod file fruitsdelight-1.0.22.jar of type MOD with provider {mods folder locator at C:\Users\gian2\curseforge\Instances\All the Primus\mods}
[07:09:33] [main/INFO]: Found mod file ftb-chunks-forge-2001.3.6.jar of type MOD with provider {mods folder locator at C:\Users\gian2\curseforge\Instances\All the Primus\mods}
[07:09:33] [main/INFO]: Found mod file ftb-filter-system-forge-20.0.1.jar of type MOD with provider {mods folder locator at C:\Users\gian2\curseforge\Instances\All the Primus\mods}
[07:09:33] [main/INFO]: Found mod file ftb-library-forge-2001.2.9.jar of type MOD with provider {mods folder locator at C:\Users\gian2\curseforge\Instances\All the Primus\mods}
[07:09:33] [main/INFO]: Found mod file ftb-quests-forge-2001.4.13.jar of type MOD with provider {mods folder locator at C:\Users\gian2\curseforge\Instances\All the Primus\mods}
[07:09:33] [main/INFO]: Found mod file ftb-teams-forge-2001.3.1.jar of type MOD with provider {mods folder locator at C:\Users\gian2\curseforge\Instances\All the Primus\mods}
[07:09:33] [main/INFO]: Found mod file ftb-xmod-compat-forge-2.1.3.jar of type MOD with provider {mods folder locator at C:\Users\gian2\curseforge\Instances\All the Primus\mods}
[07:09:33] [main/INFO]: Found mod file fusion-1.2.7b-forge-mc1.20.1.jar of type MOD with provider {mods folder locator at C:\Users\gian2\curseforge\Instances\All the Primus\mods}
[07:09:33] [main/INFO]: Found mod file fzzy_config-0.6.9+1.20.1+forge.jar of type MOD with provider {mods folder locator at C:\Users\gian2\curseforge\Instances\All the Primus\mods}
[07:09:33] [main/INFO]: Found mod file Galosphere-1.20.1-1.4.1-Forge.jar of type MOD with provider {mods folder locator at C:\Users\gian2\curseforge\Instances\All the Primus\mods}
[07:09:33] [main/INFO]: Found mod file galospheric_delight-1.20.1-6.42.jar of type MOD with provider {mods folder locator at C:\Users\gian2\curseforge\Instances\All the Primus\mods}
[07:09:33] [main/INFO]: Found mod file GameStages-Forge-1.20.1-15.0.2.jar of type MOD with provider {mods folder locator at C:\Users\gian2\curseforge\Instances\All the Primus\mods}
[07:09:33] [main/INFO]: Found mod file gatewaysmg1.20.1-1.1.1.jar of type MOD with provider {mods folder locator at C:\Users\gian2\curseforge\Instances\All the Primus\mods}
[07:09:33] [main/INFO]: Found mod file GatewaysToEternity-1.20.1-4.2.6.jar of type MOD with provider {mods folder locator at C:\Users\gian2\curseforge\Instances\All the Primus\mods}
[07:09:33] [main/INFO]: Found mod file geckolib-forge-1.20.1-4.7.1.2.jar of type MOD with provider {mods folder locator at C:\Users\gian2\curseforge\Instances\All the Primus\mods}
[07:09:33] [main/INFO]: Found mod file GeoSmelt-2.7.5-1.20.1.jar of type MOD with provider {mods folder locator at C:\Users\gian2\curseforge\Instances\All the Primus\mods}
[07:09:33] [main/INFO]: Found mod file GlitchCore-forge-1.20.1-0.0.1.1.jar of type MOD with provider {mods folder locator at C:\Users\gian2\curseforge\Instances\All the Primus\mods}
[07:09:33] [main/INFO]: Found mod file Glodium-1.20-1.5-forge.jar of type MOD with provider {mods folder locator at C:\Users\gian2\curseforge\Instances\All the Primus\mods}
[07:09:33] [main/INFO]: Found mod file goety-2.5.33.1.jar of type MOD with provider {mods folder locator at C:\Users\gian2\curseforge\Instances\All the Primus\mods}
[07:09:33] [main/INFO]: Found mod file goety_cataclysm-1.20-1.2.1.jar of type MOD with provider {mods folder locator at C:\Users\gian2\curseforge\Instances\All the Primus\mods}
[07:09:33] [main/INFO]: Found mod file gpumemleakfix-1.20.1-1.8.jar of type MOD with provider {mods folder locator at C:\Users\gian2\curseforge\Instances\All the Primus\mods}
[07:09:33] [main/INFO]: Found mod file handcrafted-forge-1.20.1-3.0.6.jar of type MOD with provider {mods folder locator at C:\Users\gian2\curseforge\Instances\All the Primus\mods}
[07:09:33] [main/INFO]: Found mod file HostileNeuralNetworks-1.20.1-5.3.3.jar of type MOD with provider {mods folder locator at C:\Users\gian2\curseforge\Instances\All the Primus\mods}
[07:09:33] [main/INFO]: Found mod file Icarus-Forge-2.12.0.jar of type MOD with provider {mods folder locator at C:\Users\gian2\curseforge\Instances\All the Primus\mods}
[07:09:33] [main/INFO]: Found mod file ice_and_fire_spellbooks-2.3.1-1.20.1.jar of type MOD with provider {mods folder locator at C:\Users\gian2\curseforge\Instances\All the Primus\mods}
[07:09:33] [main/INFO]: Found mod file iceandfire-2.1.13-1.20.1-beta-5.jar of type MOD with provider {mods folder locator at C:\Users\gian2\curseforge\Instances\All the Primus\mods}
[07:09:33] [main/INFO]: Found mod file iceandfirebettercombat1.20.1-1.0.1.jar of type MOD with provider {mods folder locator at C:\Users\gian2\curseforge\Instances\All the Primus\mods}
[07:09:33] [main/INFO]: Found mod file Iceberg-1.20.1-forge-1.1.25.jar of type MOD with provider {mods folder locator at C:\Users\gian2\curseforge\Instances\All the Primus\mods}
[07:09:33] [main/INFO]: Found mod file ImmediatelyFast-Forge-1.5.0+1.20.4.jar of type MOD with provider {mods folder locator at C:\Users\gian2\curseforge\Instances\All the Primus\mods}
[07:09:33] [main/INFO]: Found mod file immersive_armors-1.7.0+1.20.1-forge.jar of type MOD with provider {mods folder locator at C:\Users\gian2\curseforge\Instances\All the Primus\mods}
[07:09:33] [main/INFO]: Found mod file incontrol-1.20-9.2.11.jar of type MOD with provider {mods folder locator at C:\Users\gian2\curseforge\Instances\All the Primus\mods}
[07:09:33] [main/INFO]: Found mod file irons_spellbooks-1.20.1-3.4.0.8.jar of type MOD with provider {mods folder locator at C:\Users\gian2\curseforge\Instances\All the Primus\mods}
[07:09:33] [main/INFO]: Found mod file item-filters-forge-2001.1.0-build.59.jar of type MOD with provider {mods folder locator at C:\Users\gian2\curseforge\Instances\All the Primus\mods}
[07:09:33] [main/INFO]: Found mod file ItemProductionLib-1.20.1-1.0.2a-all.jar of type MOD with provider {mods folder locator at C:\Users\gian2\curseforge\Instances\All the Primus\mods}
[07:09:33] [main/INFO]: Found mod file Jade-1.20.1-Forge-11.13.1.jar of type MOD with provider {mods folder locator at C:\Users\gian2\curseforge\Instances\All the Primus\mods}
[07:09:33] [main/INFO]: Found mod file JadeAddons-1.20.1-Forge-5.5.0.jar of type MOD with provider {mods folder locator at C:\Users\gian2\curseforge\Instances\All the Primus\mods}
[07:09:33] [main/INFO]: Found mod file jeed-1.20-2.2.5.jar of type MOD with provider {mods folder locator at C:\Users\gian2\curseforge\Instances\All the Primus\mods}
[07:09:33] [main/INFO]: Found mod file jei-1.20.1-forge-15.20.0.106.jar of type MOD with provider {mods folder locator at C:\Users\gian2\curseforge\Instances\All the Primus\mods}
[07:09:33] [main/INFO]: Found mod file JustEnoughResources-1.20.1-1.4.0.247.jar of type MOD with provider {mods folder locator at C:\Users\gian2\curseforge\Instances\All the Primus\mods}
[07:09:33] [main/INFO]: Found mod file konkrete_forge_1.8.0_MC_1.20-1.20.1.jar of type MOD with provider {mods folder locator at C:\Users\gian2\curseforge\Instances\All the Primus\mods}
[07:09:33] [main/INFO]: Found mod file kotlinforforge-4.11.0-all.jar of type LIBRARY with provider {mods folder locator at C:\Users\gian2\curseforge\Instances\All the Primus\mods}
[07:09:33] [main/INFO]: Found mod file kubejs-forge-2001.6.5-build.16.jar of type MOD with provider {mods folder locator at C:\Users\gian2\curseforge\Instances\All the Primus\mods}
[07:09:33] [main/INFO]: Found mod file l2archery-2.5.0.jar of type MOD with provider {mods folder locator at C:\Users\gian2\curseforge\Instances\All the Primus\mods}
[07:09:33] [main/INFO]: Found mod file l2artifacts-2.4.27.jar of type MOD with provider {mods folder locator at C:\Users\gian2\curseforge\Instances\All the Primus\mods}
[07:09:33] [main/INFO]: Found mod file l2backpack-2.5.0.jar of type MOD with provider {mods folder locator at C:\Users\gian2\curseforge\Instances\All the Primus\mods}
[07:09:33] [main/INFO]: Found mod file l2complements-2.5.5.jar of type MOD with provider {mods folder locator at C:\Users\gian2\curseforge\Instances\All the Primus\mods}
[07:09:33] [main/INFO]: Found mod file l2hostility-2.5.5.jar of type MOD with provider {mods folder locator at C:\Users\gian2\curseforge\Instances\All the Primus\mods}
[07:09:33] [main/INFO]: Found mod file l2library-2.5.1.jar of type MOD with provider {mods folder locator at C:\Users\gian2\curseforge\Instances\All the Primus\mods}
[07:09:33] [main/INFO]: Found mod file l2weaponry-2.5.0.jar of type MOD with provider {mods folder locator at C:\Users\gian2\curseforge\Instances\All the Primus\mods}
[07:09:33] [main/INFO]: Found mod file L_Enders_Cataclysm 1.20.1-2.66.jar of type MOD with provider {mods folder locator at C:\Users\gian2\curseforge\Instances\All the Primus\mods}
[07:09:33] [main/INFO]: Found mod file LegendaryTooltips-1.20.1-forge-1.4.5.jar of type MOD with provider {mods folder locator at C:\Users\gian2\curseforge\Instances\All the Primus\mods}
[07:09:33] [main/INFO]: Found mod file lendersdelight-1.0.7-1.20.1.jar of type MOD with provider {mods folder locator at C:\Users\gian2\curseforge\Instances\All the Primus\mods}
[07:09:33] [main/INFO]: Found mod file letsdo-vinery-forge-1.4.39.jar of type MOD with provider {mods folder locator at C:\Users\gian2\curseforge\Instances\All the Primus\mods}
[07:09:33] [main/INFO]: Found mod file lionfishapi-2.4-Fix.jar of type MOD with provider {mods folder locator at C:\Users\gian2\curseforge\Instances\All the Primus\mods}
[07:09:33] [main/INFO]: Found mod file lodestone-1.20.1-1.6.4.1.jar of type MOD with provider {mods folder locator at C:\Users\gian2\curseforge\Instances\All the Primus\mods}
[07:09:33] [main/INFO]: Found mod file lootintegrations-1.20.1-4.4.jar of type MOD with provider {mods folder locator at C:\Users\gian2\curseforge\Instances\All the Primus\mods}
[07:09:33] [main/INFO]: Found mod file lootintegrations_cataclysm-1.1.jar of type MOD with provider {mods folder locator at C:\Users\gian2\curseforge\Instances\All the Primus\mods}
[07:09:33] [main/INFO]: Found mod file lootintegrations_dungeoncrawl-1.1.jar of type MOD with provider {mods folder locator at C:\Users\gian2\curseforge\Instances\All the Primus\mods}
[07:09:33] [main/INFO]: Found mod file lootintegrations_graveyard-1.1.jar of type MOD with provider {mods folder locator at C:\Users\gian2\curseforge\Instances\All the Primus\mods}
[07:09:33] [main/INFO]: Found mod file lootintegrations_phillipsruins-1.2.jar of type MOD with provider {mods folder locator at C:\Users\gian2\curseforge\Instances\All the Primus\mods}
[07:09:33] [main/INFO]: Found mod file lootintegrations_vanilla-1.4.jar of type MOD with provider {mods folder locator at C:\Users\gian2\curseforge\Instances\All the Primus\mods}
[07:09:33] [main/INFO]: Found mod file lootintegrations_yungs-1.4.jar of type MOD with provider {mods folder locator at C:\Users\gian2\curseforge\Instances\All the Primus\mods}
[07:09:33] [main/INFO]: Found mod file lootjs-forge-1.20.1-2.13.0.jar of type MOD with provider {mods folder locator at C:\Users\gian2\curseforge\Instances\All the Primus\mods}
[07:09:33] [main/INFO]: Found mod file lootr-forge-1.20-0.7.35.91.jar of type MOD with provider {mods folder locator at C:\Users\gian2\curseforge\Instances\All the Primus\mods}
[07:09:33] [main/INFO]: Found mod file malum-1.20.1-1.6.6.jar of type MOD with provider {mods folder locator at C:\Users\gian2\curseforge\Instances\All the Primus\mods}
[07:09:33] [main/INFO]: Found mod file manaunification-1.20.1-1.0.3.jar of type MOD with provider {mods folder locator at C:\Users\gian2\curseforge\Instances\All the Primus\mods}
[07:09:33] [main/INFO]: Found mod file mcjtylib-1.20-8.0.6.jar of type MOD with provider {mods folder locator at C:\Users\gian2\curseforge\Instances\All the Primus\mods}
[07:09:33] [main/INFO]: Found mod file megacells-forge-2.4.6-1.20.1.jar of type MOD with provider {mods folder locator at C:\Users\gian2\curseforge\Instances\All the Primus\mods}
[07:09:33] [main/INFO]: Found mod file Mekanism-1.20.1-10.4.15.75.jar of type MOD with provider {mods folder locator at C:\Users\gian2\curseforge\Instances\All the Primus\mods}
[07:09:33] [main/INFO]: Found mod file MekanismGenerators-1.20.1-10.4.15.75.jar of type MOD with provider {mods folder locator at C:\Users\gian2\curseforge\Instances\All the Primus\mods}
[07:09:33] [main/INFO]: Found mod file melody_forge_1.0.3_MC_1.20.1-1.20.4.jar of type MOD with provider {mods folder locator at C:\Users\gian2\curseforge\Instances\All the Primus\mods}
[07:09:33] [main/INFO]: Found mod file MobsOfSins-v0.2.jar of type MOD with provider {mods folder locator at C:\Users\gian2\curseforge\Instances\All the Primus\mods}
[07:09:33] [main/INFO]: Found mod file modernfix-forge-5.21.0+mc1.20.1.jar of type MOD with provider {mods folder locator at C:\Users\gian2\curseforge\Instances\All the Primus\mods}
[07:09:33] [main/INFO]: Found mod file modonomicon-1.20.1-forge-1.77.6.jar of type MOD with provider {mods folder locator at C:\Users\gian2\curseforge\Instances\All the Primus\mods}
[07:09:33] [main/INFO]: Found mod file moonlight-1.20-2.14.1-forge.jar of type MOD with provider {mods folder locator at C:\Users\gian2\curseforge\Instances\All the Primus\mods}
[07:09:33] [main/INFO]: Found mod file MoreMekanismProcessing-1.20.1-4.3.jar of type MOD with provider {mods folder locator at C:\Users\gian2\curseforge\Instances\All the Primus\mods}
[07:09:33] [main/INFO]: Found mod file morered-1.20.1-4.0.0.4.jar of type MOD with provider {mods folder locator at C:\Users\gian2\curseforge\Instances\All the Primus\mods}
[07:09:33] [main/INFO]: Found mod file MouseTweaks-forge-mc1.20.1-2.25.1.jar of type MOD with provider {mods folder locator at C:\Users\gian2\curseforge\Instances\All the Primus\mods}
[07:09:33] [main/INFO]: Found mod file mowzies_cataclysm-1.2.0.jar of type MOD with provider {mods folder locator at C:\Users\gian2\curseforge\Instances\All the Primus\mods}
[07:09:33] [main/INFO]: Found mod file mowziesmobs-1.7.2.jar of type MOD with provider {mods folder locator at C:\Users\gian2\curseforge\Instances\All the Primus\mods}
[07:09:33] [main/INFO]: Found mod file mutil-1.20.1-6.2.0.jar of type MOD with provider {mods folder locator at C:\Users\gian2\curseforge\Instances\All the Primus\mods}
[07:09:33] [main/INFO]: Found mod file NaturesAura-39.4.jar of type MOD with provider {mods folder locator at C:\Users\gian2\curseforge\Instances\All the Primus\mods}
[07:09:33] [main/INFO]: Found mod file NaturesCompass-1.20.1-1.11.2-forge.jar of type MOD with provider {mods folder locator at C:\Users\gian2\curseforge\Instances\All the Primus\mods}
[07:09:33] [main/INFO]: Found mod file nethersdelight-1.20.1-4.0.jar of type MOD with provider {mods folder locator at C:\Users\gian2\curseforge\Instances\All the Primus\mods}
[07:09:33] [main/INFO]: Found mod file noisium-forge-2.3.0+mc1.20-1.20.1.jar of type MOD with provider {mods folder locator at C:\Users\gian2\curseforge\Instances\All the Primus\mods}
[07:09:33] [main/INFO]: Found mod file notenoughanimations-forge-1.9.3-mc1.20.1.jar of type MOD with provider {mods folder locator at C:\Users\gian2\curseforge\Instances\All the Primus\mods}
[07:09:33] [main/INFO]: Found mod file nyfsspiders-forge-1.20.1-2.1.1.jar of type MOD with provider {mods folder locator at C:\Users\gian2\curseforge\Instances\All the Primus\mods}
[07:09:33] [main/INFO]: Found mod file occultism-1.20.1-1.141.4.jar of type MOD with provider {mods folder locator at C:\Users\gian2\curseforge\Instances\All the Primus\mods}
[07:09:33] [main/INFO]: Found mod file oceansdelight-1.0.2-1.20.jar of type MOD with provider {mods folder locator at C:\Users\gian2\curseforge\Instances\All the Primus\mods}
[07:09:33] [main/INFO]: Found mod file oculus-mc1.20.1-1.8.0.jar of type MOD with provider {mods folder locator at C:\Users\gian2\curseforge\Instances\All the Primus\mods}
[07:09:33] [main/INFO]: Found mod file origins-forge-1.20.1-1.10.0.9-all.jar of type MOD with provider {mods folder locator at C:\Users\gian2\curseforge\Instances\All the Primus\mods}
[07:09:33] [main/INFO]: Found mod file OverflowingBars-v8.0.1-1.20.1-Forge.jar of type MOD with provider {mods folder locator at C:\Users\gian2\curseforge\Instances\All the Primus\mods}
[07:09:33] [main/INFO]: Found mod file packetfixer-forge-2.0.0-1.19-to-1.20.1.jar of type MOD with provider {mods folder locator at C:\Users\gian2\curseforge\Instances\All the Primus\mods}
[07:09:33] [main/INFO]: Found mod file particle_core-0.2.6+1.20.1+forge.jar of type MOD with provider {mods folder locator at C:\Users\gian2\curseforge\Instances\All the Primus\mods}
[07:09:33] [main/INFO]: Found mod file particular-1.20.1-Forge-1.2.1.jar of type MOD with provider {mods folder locator at C:\Users\gian2\curseforge\Instances\All the Primus\mods}
[07:09:33] [main/INFO]: Found mod file Patchouli-1.20.1-84.1-FORGE.jar of type MOD with provider {mods folder locator at C:\Users\gian2\curseforge\Instances\All the Primus\mods}
[07:09:33] [main/INFO]: Found mod file Pehkui-3.8.2+1.20.1-forge.jar of type MOD with provider {mods folder locator at C:\Users\gian2\curseforge\Instances\All the Primus\mods}
[07:09:33] [main/INFO]: Found mod file PhilipsRuins1.20.1-5.3.jar of type MOD with provider {mods folder locator at C:\Users\gian2\curseforge\Instances\All the Primus\mods}
[07:09:33] [main/INFO]: Found mod file Placebo-1.20.1-8.6.3.jar of type MOD with provider {mods folder locator at C:\Users\gian2\curseforge\Instances\All the Primus\mods}
[07:09:33] [main/INFO]: Found mod file player-animation-lib-forge-1.0.2-rc1+1.20.jar of type MOD with provider {mods folder locator at C:\Users\gian2\curseforge\Instances\All the Primus\mods}
[07:09:33] [main/INFO]: Found mod file polyeng-forge-0.1.1-1.20.1.jar of type MOD with provider {mods folder locator at C:\Users\gian2\curseforge\Instances\All the Primus\mods}
[07:09:33] [main/INFO]: Found mod file polymorph-forge-0.49.10+1.20.1.jar of type MOD with provider {mods folder locator at C:\Users\gian2\curseforge\Instances\All the Primus\mods}
[07:09:33] [main/INFO]: Found mod file ponderjs-1.20.1-2.0.4.jar of type MOD with provider {mods folder locator at C:\Users\gian2\curseforge\Instances\All the Primus\mods}
[07:09:33] [main/INFO]: Found mod file powerfuljs-1.6.1.jar of type MOD with provider {mods folder locator at C:\Users\gian2\curseforge\Instances\All the Primus\mods}
[07:09:33] [main/INFO]: Found mod file PresenceFootsteps-1.20.1-1.9.1-beta.1.jar of type MOD with provider {mods folder locator at C:\Users\gian2\curseforge\Instances\All the Primus\mods}
[07:09:33] [main/INFO]: Found mod file Pretty Rain-1.20.1-Forge-1.1.3.jar of type MOD with provider {mods folder locator at C:\Users\gian2\curseforge\Instances\All the Primus\mods}
[07:09:33] [main/INFO]: Found mod file Prism-1.20.1-forge-1.0.5.jar of type MOD with provider {mods folder locator at C:\Users\gian2\curseforge\Instances\All the Primus\mods}
[07:09:33] [main/INFO]: Found mod file probejs-6.0.1-forge.jar of type MOD with provider {mods folder locator at C:\Users\gian2\curseforge\Instances\All the Primus\mods}
[07:09:33] [main/INFO]: Found mod file productivebees-1.20.1-12.6.0.jar of type MOD with provider {mods folder locator at C:\Users\gian2\curseforge\Instances\All the Primus\mods}
[07:09:33] [main/INFO]: Found mod file protection_pixel-1.1.6-forge-1.20.1.jar of type MOD with provider {mods folder locator at C:\Users\gian2\curseforge\Instances\All the Primus\mods}
[07:09:33] [main/INFO]: Found mod file puffish_skills-0.15.5-1.20-forge.jar of type MOD with provider {mods folder locator at C:\Users\gian2\curseforge\Instances\All the Primus\mods}
[07:09:33] [main/INFO]: Found mod file PuzzlesLib-v8.1.32-1.20.1-Forge.jar of type MOD with provider {mods folder locator at C:\Users\gian2\curseforge\Instances\All the Primus\mods}
[07:09:33] [main/INFO]: Found mod file Quark-4.0-462.jar of type MOD with provider {mods folder locator at C:\Users\gian2\curseforge\Instances\All the Primus\mods}
[07:09:33] [main/INFO]: Found mod file quark_delight_1.0.0_forge_1.20.1.jar of type MOD with provider {mods folder locator at C:\Users\gian2\curseforge\Instances\All the Primus\mods}
[07:09:33] [main/INFO]: Found mod file rechiseled-1.1.6-forge-mc1.20.jar of type MOD with provider {mods folder locator at C:\Users\gian2\curseforge\Instances\All the Primus\mods}
[07:09:33] [main/INFO]: Found mod file rechiseledcreate-1.0.2a-forge-mc1.20.jar of type MOD with provider {mods folder locator at C:\Users\gian2\curseforge\Instances\All the Primus\mods}
[07:09:33] [main/INFO]: Found mod file recipeessentials-1.20.1-4.0.jar of type MOD with provider {mods folder locator at C:\Users\gian2\curseforge\Instances\All the Primus\mods}
[07:09:33] [main/INFO]: Found mod file resourcefulconfig-forge-1.20.1-2.1.3.jar of type MOD with provider {mods folder locator at C:\Users\gian2\curseforge\Instances\All the Primus\mods}
[07:09:33] [main/INFO]: Found mod file resourcefullib-forge-1.20.1-2.1.29.jar of type MOD with provider {mods folder locator at C:\Users\gian2\curseforge\Instances\All the Primus\mods}
[07:09:33] [main/INFO]: Found mod file rhino-forge-2001.2.3-build.10.jar of type MOD with provider {mods folder locator at C:\Users\gian2\curseforge\Instances\All the Primus\mods}
[07:09:33] [main/INFO]: Found mod file rusticdelight-forge-1.20.1-1.4.1.jar of type MOD with provider {mods folder locator at C:\Users\gian2\curseforge\Instances\All the Primus\mods}
[07:09:33] [main/INFO]: Found mod file samurai_dynasty-0.0.49-1.20.1-neo.jar of type MOD with provider {mods folder locator at C:\Users\gian2\curseforge\Instances\All the Primus\mods}
[07:09:33] [main/INFO]: Found mod file ScalableCatsForce-3.3.1-build-0-with-library.jar of type LANGPROVIDER with provider {mods folder locator at C:\Users\gian2\curseforge\Instances\All the Primus\mods}
[07:09:33] [main/INFO]: Found mod file ScorchedGuns-0.4.1-1.20.1.jar of type MOD with provider {mods folder locator at C:\Users\gian2\curseforge\Instances\All the Primus\mods}
[07:09:33] [main/INFO]: Found mod file Searchables-forge-1.20.1-1.0.3.jar of type MOD with provider {mods folder locator at C:\Users\gian2\curseforge\Instances\All the Primus\mods}
[07:09:33] [main/INFO]: Found mod file SereneSeasons-forge-1.20.1-9.1.0.2.jar of type MOD with provider {mods folder locator at C:\Users\gian2\curseforge\Instances\All the Primus\mods}
[07:09:33] [main/INFO]: Found mod file simplyswords-forge-1.56.0-1.20.1.jar of type MOD with provider {mods folder locator at C:\Users\gian2\curseforge\Instances\All the Primus\mods}
[07:09:33] [main/INFO]: Found mod file SmartBrainLib-forge-1.20.1-1.15.jar of type MOD with provider {mods folder locator at C:\Users\gian2\curseforge\Instances\All the Primus\mods}
[07:09:33] [main/INFO]: Found mod file sodiumdynamiclights-forge-1.0.10-1.20.1.jar of type MOD with provider {mods folder locator at C:\Users\gian2\curseforge\Instances\All the Primus\mods}
[07:09:33] [main/INFO]: Found mod file sodiumoptionsapi-forge-1.0.10-1.20.1.jar of type MOD with provider {mods folder locator at C:\Users\gian2\curseforge\Instances\All the Primus\mods}
[07:09:33] [main/INFO]: Found mod file sons-of-sins-1.20.1-2.1.8.jar of type MOD with provider {mods folder locator at C:\Users\gian2\curseforge\Instances\All the Primus\mods}
[07:09:33] [main/INFO]: Found mod file sophisticatedbackpacks-1.20.1-3.23.14.1233.jar of type MOD with provider {mods folder locator at C:\Users\gian2\curseforge\Instances\All the Primus\mods}
[07:09:33] [main/INFO]: Found mod file sophisticatedcore-1.20.1-1.2.52.967.jar of type MOD with provider {mods folder locator at C:\Users\gian2\curseforge\Instances\All the Primus\mods}
[07:09:33] [main/INFO]: Found mod file soul-fire-d-forge-1.20.1-4.0.11.jar of type MOD with provider {mods folder locator at C:\Users\gian2\curseforge\Instances\All the Primus\mods}
[07:09:33] [main/INFO]: Found mod file sound-physics-remastered-forge-1.20.1-1.4.13.jar of type MOD with provider {mods folder locator at C:\Users\gian2\curseforge\Instances\All the Primus\mods}
[07:09:33] [main/INFO]: Found mod file spark-1.10.53-forge.jar of type MOD with provider {mods folder locator at C:\Users\gian2\curseforge\Instances\All the Primus\mods}
[07:09:33] [main/INFO]: Found mod file sparsestructuresreforged-1.20.1-0.0.1.jar of type MOD with provider {mods folder locator at C:\Users\gian2\curseforge\Instances\All the Primus\mods}
[07:09:33] [main/INFO]: Found mod file Stellar View-1.20.1-0.4.5.jar of type MOD with provider {mods folder locator at C:\Users\gian2\curseforge\Instances\All the Primus\mods}
[07:09:33] [main/INFO]: Found mod file StorageDrawers-1.20.1-12.9.13.jar of type MOD with provider {mods folder locator at C:\Users\gian2\curseforge\Instances\All the Primus\mods}
[07:09:33] [main/INFO]: Found mod file StylishEffects-v8.0.2-1.20.1-Forge.jar of type MOD with provider {mods folder locator at C:\Users\gian2\curseforge\Instances\All the Primus\mods}
[07:09:33] [main/INFO]: Found mod file supermartijn642configlib-1.1.8-forge-mc1.20.jar of type MOD with provider {mods folder locator at C:\Users\gian2\curseforge\Instances\All the Primus\mods}
[07:09:33] [main/INFO]: Found mod file supermartijn642corelib-1.1.18-forge-mc1.20.1.jar of type MOD with provider {mods folder locator at C:\Users\gian2\curseforge\Instances\All the Primus\mods}
[07:09:33] [main/INFO]: Found mod file supplementaries-1.20-3.1.30.jar of type MOD with provider {mods folder locator at C:\Users\gian2\curseforge\Instances\All the Primus\mods}
[07:09:33] [main/INFO]: Found mod file tectonic-forge-1.20.1-2.4.1.jar of type MOD with provider {mods folder locator at C:\Users\gian2\curseforge\Instances\All the Primus\mods}
[07:09:33] [main/INFO]: Found mod file Terralith_1.20.x_v2.5.4.jar of type MOD with provider {mods folder locator at C:\Users\gian2\curseforge\Instances\All the Primus\mods}
[07:09:33] [main/INFO]: Found mod file tetra-1.20.1-6.9.0.jar of type MOD with provider {mods folder locator at C:\Users\gian2\curseforge\Instances\All the Primus\mods}
[07:09:33] [main/INFO]: Found mod file tetracelium-1.20.1-1.3.1.jar of type MOD with provider {mods folder locator at C:\Users\gian2\curseforge\Instances\All the Primus\mods}
[07:09:33] [main/INFO]: Found mod file tetranomicon-1.6.1-1.20.1.jar of type MOD with provider {mods folder locator at C:\Users\gian2\curseforge\Instances\All the Primus\mods}
[07:09:33] [main/INFO]: Found mod file tetrasdelight-1.20.1-1.jar of type MOD with provider {mods folder locator at C:\Users\gian2\curseforge\Instances\All the Primus\mods}
[07:09:33] [main/INFO]: Found mod file tetratic-combat-expanded-1.20-2.8.2.jar of type MOD with provider {mods folder locator at C:\Users\gian2\curseforge\Instances\All the Primus\mods}
[07:09:33] [main/INFO]: Found mod file The_Graveyard_3.1_(FORGE)_for_1.20.1.jar of type MOD with provider {mods folder locator at C:\Users\gian2\curseforge\Instances\All the Primus\mods}
[07:09:33] [main/INFO]: Found mod file The_Undergarden-1.20.1-0.8.14.jar of type MOD with provider {mods folder locator at C:\Users\gian2\curseforge\Instances\All the Primus\mods}
[07:09:33] [main/INFO]: Found mod file THEUNDEADREVAMPED_1.7_1.20.1.jar of type MOD with provider {mods folder locator at C:\Users\gian2\curseforge\Instances\All the Primus\mods}
[07:09:33] [main/INFO]: Found mod file tickrateapi-3.0.0.jar of type MOD with provider {mods folder locator at C:\Users\gian2\curseforge\Instances\All the Primus\mods}
[07:09:33] [main/INFO]: Found mod file Tips-Forge-1.20.1-12.1.8.jar of type MOD with provider {mods folder locator at C:\Users\gian2\curseforge\Instances\All the Primus\mods}
[07:09:33] [main/INFO]: Found mod file titanium-1.20.1-3.8.32.jar of type MOD with provider {mods folder locator at C:\Users\gian2\curseforge\Instances\All the Primus\mods}
[07:09:33] [main/INFO]: Found mod file traveloptics-4.4.0-1.20.1.jar of type MOD with provider {mods folder locator at C:\Users\gian2\curseforge\Instances\All the Primus\mods}
[07:09:33] [main/INFO]: Found mod file TreeChop-1.20.1-forge-0.19.0-fixed.jar of type MOD with provider {mods folder locator at C:\Users\gian2\curseforge\Instances\All the Primus\mods}
[07:09:33] [main/INFO]: Found mod file undergarden_botany_pots_compats-0.3.0.jar of type MOD with provider {mods folder locator at C:\Users\gian2\curseforge\Instances\All the Primus\mods}
[07:09:33] [main/INFO]: Found mod file undergardendelight-1.1.2-forge-1.20.1.jar of type MOD with provider {mods folder locator at C:\Users\gian2\curseforge\Instances\All the Primus\mods}
[07:09:33] [main/INFO]: Found mod file undergardenpatch-1.4.2-1.20.1.jar of type MOD with provider {mods folder locator at C:\Users\gian2\curseforge\Instances\All the Primus\mods}
[07:09:33] [main/INFO]: Found mod file unifyeverything-1.20.1-1.0.2.9.jar of type MOD with provider {mods folder locator at C:\Users\gian2\curseforge\Instances\All the Primus\mods}
[07:09:33] [main/INFO]: Found mod file valhelsia_core-forge-1.20.1-1.1.2.jar of type MOD with provider {mods folder locator at C:\Users\gian2\curseforge\Instances\All the Primus\mods}
[07:09:33] [main/INFO]: Found mod file VisualWorkbench-v8.0.0-1.20.1-Forge.jar of type MOD with provider {mods folder locator at C:\Users\gian2\curseforge\Instances\All the Primus\mods}
[07:09:33] [main/INFO]: Found mod file voicechat-forge-1.20.1-2.5.30.jar of type MOD with provider {mods folder locator at C:\Users\gian2\curseforge\Instances\All the Primus\mods}
[07:09:33] [main/INFO]: Found mod file wakes-1.20.1-Forge-1.0.4.jar of type MOD with provider {mods folder locator at C:\Users\gian2\curseforge\Instances\All the Primus\mods}
[07:09:33] [main/INFO]: Found mod file watut-forge-1.20.1-1.2.3.jar of type MOD with provider {mods folder locator at C:\Users\gian2\curseforge\Instances\All the Primus\mods}
[07:09:33] [main/INFO]: Found mod file Waves-1.20.1-1.5.1.jar of type MOD with provider {mods folder locator at C:\Users\gian2\curseforge\Instances\All the Primus\mods}
[07:09:33] [main/INFO]: Found mod file waystones-forge-1.20.1-14.1.11.jar of type MOD with provider {mods folder locator at C:\Users\gian2\curseforge\Instances\All the Primus\mods}
[07:09:33] [main/INFO]: Found mod file YungsApi-1.20-Forge-4.0.6.jar of type MOD with provider {mods folder locator at C:\Users\gian2\curseforge\Instances\All the Primus\mods}
[07:09:33] [main/INFO]: Found mod file YungsBetterDesertTemples-1.20-Forge-3.0.3.jar of type MOD with provider {mods folder locator at C:\Users\gian2\curseforge\Instances\All the Primus\mods}
[07:09:33] [main/INFO]: Found mod file YungsBetterDungeons-1.20-Forge-4.0.4.jar of type MOD with provider {mods folder locator at C:\Users\gian2\curseforge\Instances\All the Primus\mods}
[07:09:33] [main/INFO]: Found mod file YungsBetterEndIsland-1.20-Forge-2.0.6.jar of type MOD with provider {mods folder locator at C:\Users\gian2\curseforge\Instances\All the Primus\mods}
[07:09:33] [main/INFO]: Found mod file YungsBetterJungleTemples-1.20-Forge-2.0.5.jar of type MOD with provider {mods folder locator at C:\Users\gian2\curseforge\Instances\All the Primus\mods}
[07:09:34] [main/INFO]: Found mod file YungsBetterMineshafts-1.20-Forge-4.0.4.jar of type MOD with provider {mods folder locator at C:\Users\gian2\curseforge\Instances\All the Primus\mods}
[07:09:34] [main/INFO]: Found mod file YungsBetterNetherFortresses-1.20-Forge-2.0.6.jar of type MOD with provider {mods folder locator at C:\Users\gian2\curseforge\Instances\All the Primus\mods}
[07:09:34] [main/INFO]: Found mod file YungsBetterOceanMonuments-1.20-Forge-3.0.4.jar of type MOD with provider {mods folder locator at C:\Users\gian2\curseforge\Instances\All the Primus\mods}
[07:09:34] [main/INFO]: Found mod file YungsBetterStrongholds-1.20-Forge-4.0.3.jar of type MOD with provider {mods folder locator at C:\Users\gian2\curseforge\Instances\All the Primus\mods}
[07:09:34] [main/INFO]: Found mod file YungsBetterWitchHuts-1.20-Forge-3.0.3.jar of type MOD with provider {mods folder locator at C:\Users\gian2\curseforge\Instances\All the Primus\mods}
[07:09:34] [main/INFO]: Found mod file YungsExtras-1.20-Forge-4.0.3.jar of type MOD with provider {mods folder locator at C:\Users\gian2\curseforge\Instances\All the Primus\mods}
[07:09:34] [main/INFO]: Found mod file Zeta-1.0-30.jar of type MOD with provider {mods folder locator at C:\Users\gian2\curseforge\Instances\All the Primus\mods}
[07:09:34] [main/WARN]: Mod file C:\Users\gian2\curseforge\Install\libraries\net\minecraftforge\fmlcore\1.20.1-47.4.0\fmlcore-1.20.1-47.4.0.jar is missing mods.toml file
[07:09:34] [main/WARN]: Mod file C:\Users\gian2\curseforge\Install\libraries\net\minecraftforge\javafmllanguage\1.20.1-47.4.0\javafmllanguage-1.20.1-47.4.0.jar is missing mods.toml file
[07:09:34] [main/WARN]: Mod file C:\Users\gian2\curseforge\Install\libraries\net\minecraftforge\lowcodelanguage\1.20.1-47.4.0\lowcodelanguage-1.20.1-47.4.0.jar is missing mods.toml file
[07:09:34] [main/WARN]: Mod file C:\Users\gian2\curseforge\Install\libraries\net\minecraftforge\mclanguage\1.20.1-47.4.0\mclanguage-1.20.1-47.4.0.jar is missing mods.toml file
[07:09:34] [main/INFO]: Found mod file fmlcore-1.20.1-47.4.0.jar of type LIBRARY with provider net.minecraftforge.fml.loading.moddiscovery.MinecraftLocator@778d82e9
[07:09:34] [main/INFO]: Found mod file javafmllanguage-1.20.1-47.4.0.jar of type LANGPROVIDER with provider net.minecraftforge.fml.loading.moddiscovery.MinecraftLocator@778d82e9
[07:09:34] [main/INFO]: Found mod file lowcodelanguage-1.20.1-47.4.0.jar of type LANGPROVIDER with provider net.minecraftforge.fml.loading.moddiscovery.MinecraftLocator@778d82e9
[07:09:34] [main/INFO]: Found mod file mclanguage-1.20.1-47.4.0.jar of type LANGPROVIDER with provider net.minecraftforge.fml.loading.moddiscovery.MinecraftLocator@778d82e9
[07:09:34] [main/INFO]: Found mod file client-1.20.1-20230612.114412-srg.jar of type MOD with provider net.minecraftforge.fml.loading.moddiscovery.MinecraftLocator@778d82e9
[07:09:34] [main/INFO]: Found mod file forge-1.20.1-47.4.0-universal.jar of type MOD with provider net.minecraftforge.fml.loading.moddiscovery.MinecraftLocator@778d82e9
[07:09:38] [main/WARN]: Attempted to select two dependency jars from JarJar which have the same identification: Mod File:  and Mod File: . Using Mod File: 
[07:09:38] [main/WARN]: Attempted to select a dependency jar for JarJar which was passed in as source: geckolib. Using Mod File: C:\Users\gian2\curseforge\Instances\All the Primus\mods\geckolib-forge-1.20.1-4.7.1.2.jar
[07:09:38] [main/WARN]: Attempted to select a dependency jar for JarJar which was passed in as source: curios. Using Mod File: C:\Users\gian2\curseforge\Instances\All the Primus\mods\curios-forge-5.14.1+1.20.1.jar
[07:09:38] [main/WARN]: Attempted to select a dependency jar for JarJar which was passed in as source: l2library. Using Mod File: C:\Users\gian2\curseforge\Instances\All the Primus\mods\l2library-2.5.1.jar
[07:09:38] [main/INFO]: Found 54 dependencies adding them to mods collection
[07:09:38] [main/INFO]: Found mod file kuma-api-forge-20.1.10+1.20.1.jar of type MOD with provider net.minecraftforge.fml.loading.moddiscovery.JarInJarDependencyLocator@4735d6e5
[07:09:38] [main/INFO]: Found mod file l2tabs-0.3.3.jar of type MOD with provider net.minecraftforge.fml.loading.moddiscovery.JarInJarDependencyLocator@4735d6e5
[07:09:38] [main/INFO]: Found mod file commonmark-ext-gfm-strikethrough-0.24.0.jar of type GAMELIBRARY with provider net.minecraftforge.fml.loading.moddiscovery.JarInJarDependencyLocator@4735d6e5
[07:09:38] [main/INFO]: Found mod file additionalentityattributes-forge-1.4.0.5+1.20.1.jar of type MOD with provider net.minecraftforge.fml.loading.moddiscovery.JarInJarDependencyLocator@4735d6e5
[07:09:38] [main/INFO]: Found mod file kfflang-4.11.0.jar of type LANGPROVIDER with provider net.minecraftforge.fml.loading.moddiscovery.JarInJarDependencyLocator@4735d6e5
[07:09:38] [main/INFO]: Found mod file Ponder-Forge-1.20.1-1.0.52.jar of type MOD with provider net.minecraftforge.fml.loading.moddiscovery.JarInJarDependencyLocator@4735d6e5
[07:09:38] [main/INFO]: Found mod file productivelib-1.20.1-0.0.4.jar of type MOD with provider net.minecraftforge.fml.loading.moddiscovery.JarInJarDependencyLocator@4735d6e5
[07:09:38] [main/INFO]: Found mod file mclib-20.jar of type GAMELIBRARY with provider net.minecraftforge.fml.loading.moddiscovery.JarInJarDependencyLocator@4735d6e5
[07:09:38] [main/INFO]: Found mod file apoli-forge-1.20.1-2.9.0.8.jar of type MOD with provider net.minecraftforge.fml.loading.moddiscovery.JarInJarDependencyLocator@4735d6e5
[07:09:38] [main/INFO]: Found mod file commonmark-ext-ins-0.24.0.jar of type GAMELIBRARY with provider net.minecraftforge.fml.loading.moddiscovery.JarInJarDependencyLocator@4735d6e5
[07:09:38] [main/INFO]: Found mod file vineflower-1.9.3.jar of type GAMELIBRARY with provider net.minecraftforge.fml.loading.moddiscovery.JarInJarDependencyLocator@4735d6e5
[07:09:38] [main/INFO]: Found mod file MixinExtras-0.4.1.jar of type GAMELIBRARY with provider net.minecraftforge.fml.loading.moddiscovery.JarInJarDependencyLocator@4735d6e5
[07:09:38] [main/INFO]: Found mod file useitemonblockevent-1.20.1-1.0.0.2.jar of type MOD with provider net.minecraftforge.fml.loading.moddiscovery.JarInJarDependencyLocator@4735d6e5
[07:09:38] [main/INFO]: Found mod file l2screentracker-0.1.4.jar of type MOD with provider net.minecraftforge.fml.loading.moddiscovery.JarInJarDependencyLocator@4735d6e5
[07:09:38] [main/INFO]: Found mod file jumbofurnace-1.20.1-4.0.0.5.jar of type MOD with provider net.minecraftforge.fml.loading.moddiscovery.JarInJarDependencyLocator@4735d6e5
[07:09:38] [main/INFO]: Found mod file mixinextras-forge-0.4.1.jar of type GAMELIBRARY with provider net.minecraftforge.fml.loading.moddiscovery.JarInJarDependencyLocator@4735d6e5
[07:09:38] [main/INFO]: Found mod file jankson-1.2.3.jar of type GAMELIBRARY with provider net.minecraftforge.fml.loading.moddiscovery.JarInJarDependencyLocator@4735d6e5
[07:09:38] [main/INFO]: Found mod file javaparser-symbol-solver-core-3.25.8.jar of type GAMELIBRARY with provider net.minecraftforge.fml.loading.moddiscovery.JarInJarDependencyLocator@4735d6e5
[07:09:38] [main/INFO]: Found mod file animated-gif-lib-for-java-animated-gif-lib-1.7.jar of type GAMELIBRARY with provider net.minecraftforge.fml.loading.moddiscovery.JarInJarDependencyLocator@4735d6e5
[07:09:38] [main/INFO]: Found mod file puzzlesaccessapi-forge-20.1.1.jar of type MOD with provider net.minecraftforge.fml.loading.moddiscovery.JarInJarDependencyLocator@4735d6e5
[07:09:38] [main/INFO]: Found mod file l2damagetracker-0.4.3.jar of type MOD with provider net.minecraftforge.fml.loading.moddiscovery.JarInJarDependencyLocator@4735d6e5
[07:09:38] [main/INFO]: Found mod file Reflect-1.3.4.jar of type GAMELIBRARY with provider net.minecraftforge.fml.loading.moddiscovery.JarInJarDependencyLocator@4735d6e5
[07:09:38] [main/INFO]: Found mod file Java-WebSocket-1.5.6.jar of type GAMELIBRARY with provider net.minecraftforge.fml.loading.moddiscovery.JarInJarDependencyLocator@4735d6e5
[07:09:38] [main/INFO]: Found mod file h2-mvstore-2.3.232.jar of type GAMELIBRARY with provider net.minecraftforge.fml.loading.moddiscovery.JarInJarDependencyLocator@4735d6e5
[07:09:38] [main/INFO]: Found mod file capabilitysyncer-1.20.1-4.0.1.jar of type GAMELIBRARY with provider net.minecraftforge.fml.loading.moddiscovery.JarInJarDependencyLocator@4735d6e5
[07:09:38] [main/INFO]: Found mod file diagonalblocks-forge-8.0.6.jar of type MOD with provider net.minecraftforge.fml.loading.moddiscovery.JarInJarDependencyLocator@4735d6e5
[07:09:38] [main/INFO]: Found mod file fabric-api-base-0.4.31+ef105b4977.jar of type MOD with provider net.minecraftforge.fml.loading.moddiscovery.JarInJarDependencyLocator@4735d6e5
[07:09:38] [main/INFO]: Found mod file commonality-1.20.1-7.0.0.jar of type MOD with provider net.minecraftforge.fml.loading.moddiscovery.JarInJarDependencyLocator@4735d6e5
[07:09:38] [main/INFO]: Found mod file MixinSquared-0.2.0.jar of type GAMELIBRARY with provider net.minecraftforge.fml.loading.moddiscovery.JarInJarDependencyLocator@4735d6e5
[07:09:38] [main/INFO]: Found mod file battery-1.3.0.jar of type GAMELIBRARY with provider net.minecraftforge.fml.loading.moddiscovery.JarInJarDependencyLocator@4735d6e5
[07:09:38] [main/INFO]: Found mod file mixinsquared-forge-0.2.0.jar of type GAMELIBRARY with provider net.minecraftforge.fml.loading.moddiscovery.JarInJarDependencyLocator@4735d6e5
[07:09:38] [main/INFO]: Found mod file l2harvester-0.1.0.jar of type MOD with provider net.minecraftforge.fml.loading.moddiscovery.JarInJarDependencyLocator@4735d6e5
[07:09:38] [main/INFO]: Found mod file Registrate-MC1.20-1.3.11.jar of type GAMELIBRARY with provider net.minecraftforge.fml.loading.moddiscovery.JarInJarDependencyLocator@4735d6e5
[07:09:38] [main/INFO]: Found mod file spectrelib-forge-0.13.17+1.20.1.jar of type MOD with provider net.minecraftforge.fml.loading.moddiscovery.JarInJarDependencyLocator@4735d6e5
[07:09:38] [main/INFO]: Found mod file httpmime-4.5.10.jar of type GAMELIBRARY with provider net.minecraftforge.fml.loading.moddiscovery.JarInJarDependencyLocator@4735d6e5
[07:09:38] [main/INFO]: Found mod file calio-forge-1.20.1-1.11.0.5.jar of type MOD with provider net.minecraftforge.fml.loading.moddiscovery.JarInJarDependencyLocator@4735d6e5
[07:09:38] [main/INFO]: Found mod file kffmod-4.11.0.jar of type MOD with provider net.minecraftforge.fml.loading.moddiscovery.JarInJarDependencyLocator@4735d6e5
[07:09:38] [main/INFO]: Found mod file kfflib-4.11.0.jar of type GAMELIBRARY with provider net.minecraftforge.fml.loading.moddiscovery.JarInJarDependencyLocator@4735d6e5
[07:09:38] [main/INFO]: Found mod file bytecodecs-1.0.2.jar of type GAMELIBRARY with provider net.minecraftforge.fml.loading.moddiscovery.JarInJarDependencyLocator@4735d6e5
[07:09:38] [main/INFO]: Found mod file flywheel-forge-1.20.1-1.0.2.jar of type MOD with provider net.minecraftforge.fml.loading.moddiscovery.JarInJarDependencyLocator@4735d6e5
[07:09:38] [main/INFO]: Found mod file jcpp-1.4.14.jar of type GAMELIBRARY with provider net.minecraftforge.fml.loading.moddiscovery.JarInJarDependencyLocator@4735d6e5
[07:09:38] [main/INFO]: Found mod file mob_weapon_api-0.2.3.jar of type MOD with provider net.minecraftforge.fml.loading.moddiscovery.JarInJarDependencyLocator@4735d6e5
[07:09:38] [main/INFO]: Found mod file cumulus_menus-1.20.1-1.0.1-neoforge.jar of type MOD with provider net.minecraftforge.fml.loading.moddiscovery.JarInJarDependencyLocator@4735d6e5
[07:09:38] [main/INFO]: Found mod file l2modularblock-1.1.1.jar of type GAMELIBRARY with provider net.minecraftforge.fml.loading.moddiscovery.JarInJarDependencyLocator@4735d6e5
[07:09:38] [main/INFO]: Found mod file pandora-0.1.10-slim.jar of type MOD with provider net.minecraftforge.fml.loading.moddiscovery.JarInJarDependencyLocator@4735d6e5
[07:09:38] [main/INFO]: Found mod file yabn-1.0.3.jar of type GAMELIBRARY with provider net.minecraftforge.fml.loading.moddiscovery.JarInJarDependencyLocator@4735d6e5
[07:09:38] [main/INFO]: Found mod file conditional-mixin-forge-0.6.4.jar of type MOD with provider net.minecraftforge.fml.loading.moddiscovery.JarInJarDependencyLocator@4735d6e5
[07:09:38] [main/INFO]: Found mod file apexcore-1.20.1-10.0.0.jar of type MOD with provider net.minecraftforge.fml.loading.moddiscovery.JarInJarDependencyLocator@4735d6e5
[07:09:38] [main/INFO]: Found mod file nitrogen_internals-1.20.1-1.0.12-neoforge.jar of type MOD with provider net.minecraftforge.fml.loading.moddiscovery.JarInJarDependencyLocator@4735d6e5
[07:09:38] [main/INFO]: Found mod file l2serial-1.2.2.jar of type GAMELIBRARY with provider net.minecraftforge.fml.loading.moddiscovery.JarInJarDependencyLocator@4735d6e5
[07:09:38] [main/INFO]: Found mod file l2itemselector-0.1.9.jar of type MOD with provider net.minecraftforge.fml.loading.moddiscovery.JarInJarDependencyLocator@4735d6e5
[07:09:38] [main/INFO]: Found mod file commonmark-0.24.0.jar of type GAMELIBRARY with provider net.minecraftforge.fml.loading.moddiscovery.JarInJarDependencyLocator@4735d6e5
[07:09:38] [main/INFO]: Found mod file tomlkt-jvm-0.3.7.jar of type GAMELIBRARY with provider net.minecraftforge.fml.loading.moddiscovery.JarInJarDependencyLocator@4735d6e5
[07:09:38] [main/INFO]: Found mod file japng-0.5.3.jar of type GAMELIBRARY with provider net.minecraftforge.fml.loading.moddiscovery.JarInJarDependencyLocator@4735d6e5
